生成启动时间为 2014/6/13 21:48:35。
     1>项目“E:\vs2010\新建文件夹\code\code\code.vcxproj”在节点 2 上(build 个目标)。
     1>InitializeBuildStatus:
         正在对“Debug\code.unsuccessfulbuild”执行 Touch 任务。
       ClCompile:
         D:\Microsoft Visual Studio 10.0\VC\bin\CL.exe /c /ZI /nologo /W3 /WX- /Od /Oy- /D WIN32 /D _DEBUG /D _CONSOLE /D _UNICODE /D UNICODE /Gm /EHsc /RTC1 /MDd /GS /fp:precise /Zc:wchar_t /Zc:forScope /Fo"Debug\\" /Fd"Debug\vc100.pdb" /Gd /TP /analyze- /errorReport:prompt main.cpp
         main.cpp
     1>e:\vs2010\新建文件夹\code\code\main.cpp(65): warning C4996: 'scanf': This function or variable may be unsafe. Consider using scanf_s instead. To disable deprecation, use _CRT_SECURE_NO_WARNINGS. See online help for details.
                 d:\microsoft visual studio 10.0\vc\include\stdio.h(304) : 参见“scanf”的声明
     1>e:\vs2010\新建文件夹\code\code\main.cpp(69): warning C4996: 'getch': The POSIX name for this item is deprecated. Instead, use the ISO C++ conformant name: _getch. See online help for details.
                 d:\microsoft visual studio 10.0\vc\include\conio.h(128) : 参见“getch”的声明
     1>e:\vs2010\新建文件夹\code\code\main.cpp(77): warning C4996: 'getch': The POSIX name for this item is deprecated. Instead, use the ISO C++ conformant name: _getch. See online help for details.
                 d:\microsoft visual studio 10.0\vc\include\conio.h(128) : 参见“getch”的声明
     1>e:\vs2010\新建文件夹\code\code\main.cpp(83): warning C4996: 'scanf': This function or variable may be unsafe. Consider using scanf_s instead. To disable deprecation, use _CRT_SECURE_NO_WARNINGS. See online help for details.
                 d:\microsoft visual studio 10.0\vc\include\stdio.h(304) : 参见“scanf”的声明
     1>e:\vs2010\新建文件夹\code\code\main.cpp(86): warning C4996: 'scanf': This function or variable may be unsafe. Consider using scanf_s instead. To disable deprecation, use _CRT_SECURE_NO_WARNINGS. See online help for details.
                 d:\microsoft visual studio 10.0\vc\include\stdio.h(304) : 参见“scanf”的声明
     1>e:\vs2010\新建文件夹\code\code\main.cpp(88): warning C4996: 'scanf': This function or variable may be unsafe. Consider using scanf_s instead. To disable deprecation, use _CRT_SECURE_NO_WARNINGS. See online help for details.
                 d:\microsoft visual studio 10.0\vc\include\stdio.h(304) : 参见“scanf”的声明
     1>e:\vs2010\新建文件夹\code\code\main.cpp(90): warning C4996: 'scanf': This function or variable may be unsafe. Consider using scanf_s instead. To disable deprecation, use _CRT_SECURE_NO_WARNINGS. See online help for details.
                 d:\microsoft visual studio 10.0\vc\include\stdio.h(304) : 参见“scanf”的声明
     1>e:\vs2010\新建文件夹\code\code\main.cpp(92): warning C4996: 'scanf': This function or variable may be unsafe. Consider using scanf_s instead. To disable deprecation, use _CRT_SECURE_NO_WARNINGS. See online help for details.
                 d:\microsoft visual studio 10.0\vc\include\stdio.h(304) : 参见“scanf”的声明
     1>e:\vs2010\新建文件夹\code\code\main.cpp(123): warning C4996: 'getch': The POSIX name for this item is deprecated. Instead, use the ISO C++ conformant name: _getch. See online help for details.
                 d:\microsoft visual studio 10.0\vc\include\conio.h(128) : 参见“getch”的声明
     1>e:\vs2010\新建文件夹\code\code\main.cpp(149): warning C4996: 'scanf': This function or variable may be unsafe. Consider using scanf_s instead. To disable deprecation, use _CRT_SECURE_NO_WARNINGS. See online help for details.
                 d:\microsoft visual studio 10.0\vc\include\stdio.h(304) : 参见“scanf”的声明
     1>e:\vs2010\新建文件夹\code\code\main.cpp(193): warning C4996: 'scanf': This function or variable may be unsafe. Consider using scanf_s instead. To disable deprecation, use _CRT_SECURE_NO_WARNINGS. See online help for details.
                 d:\microsoft visual studio 10.0\vc\include\stdio.h(304) : 参见“scanf”的声明
     1>e:\vs2010\新建文件夹\code\code\main.cpp(236): warning C4996: 'getch': The POSIX name for this item is deprecated. Instead, use the ISO C++ conformant name: _getch. See online help for details.
                 d:\microsoft visual studio 10.0\vc\include\conio.h(128) : 参见“getch”的声明
       ManifestResourceCompile:
         所有输出均为最新。
       Link:
         D:\Microsoft Visual Studio 10.0\VC\bin\link.exe /ERRORREPORT:PROMPT /OUT:"E:\vs2010\新建文件夹\code\Debug\code.exe" /INCREMENTAL /NOLOGO kernel32.lib user32.lib gdi32.lib winspool.lib comdlg32.lib advapi32.lib shell32.lib ole32.lib oleaut32.lib uuid.lib odbc32.lib odbccp32.lib /MANIFEST /ManifestFile:"Debug\code.exe.intermediate.manifest" /MANIFESTUAC:"level='asInvoker' uiAccess='false'" /DEBUG /PDB:"E:\vs2010\新建文件夹\code\Debug\code.pdb" /SUBSYSTEM:CONSOLE /TLBID:1 /DYNAMICBASE /NXCOMPAT /IMPLIB:"E:\vs2010\新建文件夹\code\Debug\code.lib" /MACHINE:X86 Debug\code.exe.embed.manifest.res
         Debug\Book.obj
         Debug\Contact.obj
         Debug\main.obj
         Debug\BaseMedia.obj
         Debug\Menu.obj
         Debug\MediaRegistry.obj
       Manifest:
         C:\Program Files\Microsoft SDKs\Windows\v7.0A\bin\mt.exe /nologo /verbose /out:"Debug\code.exe.embed.manifest" /manifest Debug\code.exe.intermediate.manifest
         所有输出均为最新。
       LinkEmbedManifest:
         所有输出均为最新。
         code.vcxproj -> E:\vs2010\新建文件夹\code\Debug\code.exe
       FinalizeBuildStatus:
         正在删除文件“Debug\code.unsuccessfulbuild”。
         正在对“Debug\code.lastbuildstate”执行 Touch 任务。
     1>已完成生成项目“E:\vs2010\新建文件夹\code\code\code.vcxproj”(build 个目标)的操作。

生成成功。

已用时间 00:00:01.02
